running egg_info
creating ../../build/turtle_open_loop/turtle_open_loop.egg-info
writing ../../build/turtle_open_loop/turtle_open_loop.egg-info/PKG-INFO
writing dependency_links to ../../build/turtle_open_loop/turtle_open_loop.egg-info/dependency_links.txt
writing entry points to ../../build/turtle_open_loop/turtle_open_loop.egg-info/entry_points.txt
writing requirements to ../../build/turtle_open_loop/turtle_open_loop.egg-info/requires.txt
writing top-level names to ../../build/turtle_open_loop/turtle_open_loop.egg-info/top_level.txt
writing manifest file '../../build/turtle_open_loop/turtle_open_loop.egg-info/SOURCES.txt'
reading manifest file '../../build/turtle_open_loop/turtle_open_loop.egg-info/SOURCES.txt'
writing manifest file '../../build/turtle_open_loop/turtle_open_loop.egg-info/SOURCES.txt'
running build
running build_py
creating /workspaces/ros_ws/T1-Open-Loop/build/turtle_open_loop/build
creating /workspaces/ros_ws/T1-Open-Loop/build/turtle_open_loop/build/lib
creating /workspaces/ros_ws/T1-Open-Loop/build/turtle_open_loop/build/lib/turtle_open_loop
copying turtle_open_loop/open_loop_mover.py -> /workspaces/ros_ws/T1-Open-Loop/build/turtle_open_loop/build/lib/turtle_open_loop
copying turtle_open_loop/__init__.py -> /workspaces/ros_ws/T1-Open-Loop/build/turtle_open_loop/build/lib/turtle_open_loop
running install
running install_lib
creating /workspaces/ros_ws/T1-Open-Loop/install/turtle_open_loop/lib/python3.12/site-packages/turtle_open_loop
copying /workspaces/ros_ws/T1-Open-Loop/build/turtle_open_loop/build/lib/turtle_open_loop/open_loop_mover.py -> /workspaces/ros_ws/T1-Open-Loop/install/turtle_open_loop/lib/python3.12/site-packages/turtle_open_loop
copying /workspaces/ros_ws/T1-Open-Loop/build/turtle_open_loop/build/lib/turtle_open_loop/__init__.py -> /workspaces/ros_ws/T1-Open-Loop/install/turtle_open_loop/lib/python3.12/site-packages/turtle_open_loop
byte-compiling /workspaces/ros_ws/T1-Open-Loop/install/turtle_open_loop/lib/python3.12/site-packages/turtle_open_loop/open_loop_mover.py to open_loop_mover.cpython-312.pyc
byte-compiling /workspaces/ros_ws/T1-Open-Loop/install/turtle_open_loop/lib/python3.12/site-packages/turtle_open_loop/__init__.py to __init__.cpython-312.pyc
running install_data
creating /workspaces/ros_ws/T1-Open-Loop/install/turtle_open_loop/share/ament_index
creating /workspaces/ros_ws/T1-Open-Loop/install/turtle_open_loop/share/ament_index/resource_index
creating /workspaces/ros_ws/T1-Open-Loop/install/turtle_open_loop/share/ament_index/resource_index/packages
copying resource/turtle_open_loop -> /workspaces/ros_ws/T1-Open-Loop/install/turtle_open_loop/share/ament_index/resource_index/packages
copying package.xml -> /workspaces/ros_ws/T1-Open-Loop/install/turtle_open_loop/share/turtle_open_loop
running install_egg_info
Copying ../../build/turtle_open_loop/turtle_open_loop.egg-info to /workspaces/ros_ws/T1-Open-Loop/install/turtle_open_loop/lib/python3.12/site-packages/turtle_open_loop-0.0.0-py3.12.egg-info
running install_scripts
Installing open_loop_mover script to /workspaces/ros_ws/T1-Open-Loop/install/turtle_open_loop/lib/turtle_open_loop
writing list of installed files to '/workspaces/ros_ws/T1-Open-Loop/build/turtle_open_loop/install.log'
